#
# There is insufficient memory for the Java Runtime Environment to continue.
# Native memory allocation (malloc) failed to allocate 181632 bytes for Chunk::new
# Possible reasons:
#   The system is out of physical RAM or swap space
#   The process is running with CompressedOops enabled, and the Java Heap may be blocking the growth of the native heap
# Possible solutions:
#   Reduce memory load on the system
#   Increase physical memory or swap space
#   Check if swap backing store is full
#   Decrease Java heap size (-Xmx/-Xms)
#   Decrease number of Java threads
#   Decrease Java thread stack sizes (-Xss)
#   Set larger code cache with -XX:ReservedCodeCacheSize=
#   JVM is running with Zero Based Compressed Oops mode in which the Java heap is
#     placed in the first 32GB address space. The Java Heap base address is the
#     maximum limit for the native heap growth. Please use -XX:HeapBaseMinAddress
#     to set the Java Heap base and to place the Java Heap above 32GB virtual address.
# This output file may be truncated or incomplete.
#
#  Out of Memory Error (./open/src/hotspot/share/memory/arena.cpp:195), pid=25668, tid=23848
#
# JRE version: OpenJDK Runtime Environment (15.0.2+7) (build 15.0.2+7-27)
# Java VM: OpenJDK 64-Bit Server VM (15.0.2+7-27, mixed mode, tiered, compressed oops, g1 gc, windows-amd64)
# No core dump will be written. Minidumps are not enabled by default on client versions of Windows
#

---------------  S U M M A R Y ------------

Command Line: -Dfile.encoding=Cp1250 -XX:+ShowCodeDetailsInExceptionMessages ChangeBoxBorder

Host: Intel(R) Core(TM) i7-9750H CPU @ 2.60GHz, 12 cores, 15G,  Windows 10 , 64 bit Build 19041 (10.0.19041.804)
Time: Mon Apr 12 19:49:33 2021 Srednja Europa - ljet. vrij. elapsed time: 0.659309 seconds (0d 0h 0m 0s)

---------------  T H R E A D  ---------------

Current thread (0x000001b328876ee0):  JavaThread "C2 CompilerThread0" daemon [_thread_in_native, id=23848, stack(0x0000009704300000,0x0000009704400000)]


Current CompileTask:
C2:    659  623   !   4       sun.awt.AppContext::get (123 bytes)

Stack: [0x0000009704300000,0x0000009704400000]
Native frames: (J=compiled Java code, j=interpreted, Vv=VM code, C=native code)
V  [jvm.dll+0x62ae9a]
V  [jvm.dll+0x7817a9]
V  [jvm.dll+0x782f03]
V  [jvm.dll+0x783563]
V  [jvm.dll+0x216325]
V  [jvm.dll+0x97f3a]
V  [jvm.dll+0x9861c]
V  [jvm.dll+0x32e305]
V  [jvm.dll+0x2f768a]
V  [jvm.dll+0x2f6a4a]
V  [jvm.dll+0x1ea705]
V  [jvm.dll+0x1e996e]
V  [jvm.dll+0x178567]
V  [jvm.dll+0x1f9225]
V  [jvm.dll+0x1f72cc]
V  [jvm.dll+0x74495d]
V  [jvm.dll+0x73d75a]
V  [jvm.dll+0x629c56]
C  [ucrtbase.dll+0x21bb2]
C  [KERNEL32.DLL+0x17034]
C  [ntdll.dll+0x52651]


---------------  P R O C E S S  ---------------

Threads class SMR info:
_java_thread_list=0x000001b328eeb160, length=14, elements={
0x000001b306d79230, 0x000001b32884a010, 0x000001b32884d3f0, 0x000001b3288700b0,
0x000001b328870a70, 0x000001b328871cc0, 0x000001b328876ee0, 0x000001b32887c540,
0x000001b328885700, 0x000001b328a08b80, 0x000001b328a20290, 0x000001b328bceaf0,
0x000001b328f1b040, 0x000001b328f1b510
}

Java Threads: ( => current thread )
  0x000001b306d79230 JavaThread "main" [_thread_in_native, id=42908, stack(0x0000009703700000,0x0000009703800000)]
  0x000001b32884a010 JavaThread "Reference Handler" daemon [_thread_blocked, id=44388, stack(0x0000009703e00000,0x0000009703f00000)]
  0x000001b32884d3f0 JavaThread "Finalizer" daemon [_thread_blocked, id=33656, stack(0x0000009703f00000,0x0000009704000000)]
  0x000001b3288700b0 JavaThread "Signal Dispatcher" daemon [_thread_blocked, id=40316, stack(0x0000009704000000,0x0000009704100000)]
  0x000001b328870a70 JavaThread "Attach Listener" daemon [_thread_blocked, id=42116, stack(0x0000009704100000,0x0000009704200000)]
  0x000001b328871cc0 JavaThread "Service Thread" daemon [_thread_blocked, id=45744, stack(0x0000009704200000,0x0000009704300000)]
=>0x000001b328876ee0 JavaThread "C2 CompilerThread0" daemon [_thread_in_native, id=23848, stack(0x0000009704300000,0x0000009704400000)]
  0x000001b32887c540 JavaThread "C1 CompilerThread0" daemon [_thread_blocked, id=11400, stack(0x0000009704400000,0x0000009704500000)]
  0x000001b328885700 JavaThread "Sweeper thread" daemon [_thread_blocked, id=5960, stack(0x0000009704500000,0x0000009704600000)]
  0x000001b328a08b80 JavaThread "Notification Thread" daemon [_thread_blocked, id=46756, stack(0x0000009704600000,0x0000009704700000)]
  0x000001b328a20290 JavaThread "Common-Cleaner" daemon [_thread_blocked, id=8512, stack(0x0000009704800000,0x0000009704900000)]
  0x000001b328bceaf0 JavaThread "Java2D Disposer" daemon [_thread_blocked, id=47892, stack(0x0000009704900000,0x0000009704a00000)]
  0x000001b328f1b040 JavaThread "AWT-Shutdown" [_thread_blocked, id=18908, stack(0x0000009704a00000,0x0000009704b00000)]
  0x000001b328f1b510 JavaThread "AWT-Windows" daemon [_thread_blocked, id=47444, stack(0x0000009704b00000,0x0000009704c00000)]

Other Threads:
  0x000001b3288123f0 VMThread "VM Thread" [stack: 0x0000009703d00000,0x0000009703e00000] [id=49544]
  0x000001b328a09050 WatcherThread [stack: 0x0000009704700000,0x0000009704800000] [id=19368]
  0x000001b306dc4030 GCTaskThread "GC Thread#0" [stack: 0x0000009703800000,0x0000009703900000] [id=35184]
  0x000001b3290d41b0 GCTaskThread "GC Thread#1" [stack: 0x0000009704d00000,0x0000009704e00000] [id=22844]
  0x000001b3290d44e0 GCTaskThread "GC Thread#2" [stack: 0x0000009704e00000,0x0000009704f00000] [id=14464]
  0x000001b306dd5f10 ConcurrentGCThread "G1 Main Marker" [stack: 0x0000009703900000,0x0000009703a00000] [id=18536]
  0x000001b306dd72a0 ConcurrentGCThread "G1 Conc#0" [stack: 0x0000009703a00000,0x0000009703b00000] [id=43640]
  0x000001b3290d67f0 ConcurrentGCThread "G1 Conc#1" [stack: 0x0000009704f00000,0x0000009705000000] [id=30372]
  0x000001b3290d6e50 ConcurrentGCThread "G1 Conc#2" [stack: 0x0000009705000000,0x0000009705100000] [id=13736]
  0x000001b327e3a100 ConcurrentGCThread "G1 Refine#0" [stack: 0x0000009703b00000,0x0000009703c00000] [id=22460]
  0x000001b327e3a850 ConcurrentGCThread "G1 Young RemSet Sampling" [stack: 0x0000009703c00000,0x0000009703d00000] [id=8208]

Threads with active compile tasks:
C2 CompilerThread0      688  623   !   4       sun.awt.AppContext::get (123 bytes)

VM state: at safepoint (normal execution)

VM Mutex/Monitor currently owned by a thread:  ([mutex/lock_event])
[0x000001b306d73d80] Threads_lock - owner thread: 0x000001b3288123f0
[0x000001b306d74200] Heap_lock - owner thread: 0x000001b328f1b510

Heap address: 0x0000000702800000, size: 4056 MB, Compressed Oops mode: Zero based, Oop shift amount: 3
CDS disabled.
Compressed class space mapped at: 0x0000000800000000-0x0000000840000000, size: 1073741824
Narrow klass base: 0x0000000800000000, Narrow klass shift: 0, Narrow klass range: 0x40000000

GC Precious Log:
 CPUs: 12 total, 12 available
 Memory: 16221M
 Large Page Support: Disabled
 NUMA Support: Disabled
 Compressed Oops: Enabled (Zero based)
 Heap Region Size: 2M
 Heap Min Capacity: 8M
 Heap Initial Capacity: 254M
 Heap Max Capacity: 4056M
 Pre-touch: Disabled
 Parallel Workers: 10
 Concurrent Workers: 3
 Concurrent Refinement Workers: 10
 Periodic GC: Disabled

Heap:
 garbage-first heap   total 260096K, used 1767K [0x0000000702800000, 0x0000000800000000)
  region size 2048K, 1 young (2048K), 1 survivors (2048K)
 Metaspace       used 12386K, capacity 12528K, committed 12544K, reserved 1077248K
  class space    used 1224K, capacity 1276K, committed 1280K, reserved 1048576K

Heap Regions: E=young(eden), S=young(survivor), O=old, HS=humongous(starts), HC=humongous(continues), CS=collection set, F=free, OA=open archive, CA=closed archive, TAMS=top-at-mark-start (previous, next)
|   0|0x0000000702800000, 0x0000000702800000, 0x0000000702a00000|  0%| F|  |TAMS 0x0000000702800000, 0x0000000702800000| Untracked 
|   1|0x0000000702a00000, 0x0000000702a00000, 0x0000000702c00000|  0%| F|  |TAMS 0x0000000702a00000, 0x0000000702a00000| Untracked 
|   2|0x0000000702c00000, 0x0000000702c00000, 0x0000000702e00000|  0%| F|  |TAMS 0x0000000702c00000, 0x0000000702c00000| Untracked 
|   3|0x0000000702e00000, 0x0000000702e00000, 0x0000000703000000|  0%| F|  |TAMS 0x0000000702e00000, 0x0000000702e00000| Untracked 
|   4|0x0000000703000000, 0x0000000703000000, 0x0000000703200000|  0%| F|  |TAMS 0x0000000703000000, 0x0000000703000000| Untracked 
|   5|0x0000000703200000, 0x0000000703200000, 0x0000000703400000|  0%| F|  |TAMS 0x0000000703200000, 0x0000000703200000| Untracked 
|   6|0x0000000703400000, 0x0000000703400000, 0x0000000703600000|  0%| F|  |TAMS 0x0000000703400000, 0x0000000703400000| Untracked 
|   7|0x0000000703600000, 0x0000000703600000, 0x0000000703800000|  0%| F|  |TAMS 0x0000000703600000, 0x0000000703600000| Untracked 
|   8|0x0000000703800000, 0x0000000703800000, 0x0000000703a00000|  0%| F|  |TAMS 0x0000000703800000, 0x0000000703800000| Untracked 
|   9|0x0000000703a00000, 0x0000000703a00000, 0x0000000703c00000|  0%| F|  |TAMS 0x0000000703a00000, 0x0000000703a00000| Untracked 
|  10|0x0000000703c00000, 0x0000000703c00000, 0x0000000703e00000|  0%| F|  |TAMS 0x0000000703c00000, 0x0000000703c00000| Untracked 
|  11|0x0000000703e00000, 0x0000000703e00000, 0x0000000704000000|  0%| F|  |TAMS 0x0000000703e00000, 0x0000000703e00000| Untracked 
|  12|0x0000000704000000, 0x0000000704000000, 0x0000000704200000|  0%| F|  |TAMS 0x0000000704000000, 0x0000000704000000| Untracked 
|  13|0x0000000704200000, 0x0000000704200000, 0x0000000704400000|  0%| F|  |TAMS 0x0000000704200000, 0x0000000704200000| Untracked 
|  14|0x0000000704400000, 0x0000000704400000, 0x0000000704600000|  0%| F|  |TAMS 0x0000000704400000, 0x0000000704400000| Untracked 
|  15|0x0000000704600000, 0x0000000704600000, 0x0000000704800000|  0%| F|  |TAMS 0x0000000704600000, 0x0000000704600000| Untracked 
|  16|0x0000000704800000, 0x0000000704800000, 0x0000000704a00000|  0%| F|  |TAMS 0x0000000704800000, 0x0000000704800000| Untracked 
|  17|0x0000000704a00000, 0x0000000704a00000, 0x0000000704c00000|  0%| F|  |TAMS 0x0000000704a00000, 0x0000000704a00000| Untracked 
|  18|0x0000000704c00000, 0x0000000704c00000, 0x0000000704e00000|  0%| F|  |TAMS 0x0000000704c00000, 0x0000000704c00000| Untracked 
|  19|0x0000000704e00000, 0x0000000704e00000, 0x0000000705000000|  0%| F|  |TAMS 0x0000000704e00000, 0x0000000704e00000| Untracked 
|  20|0x0000000705000000, 0x0000000705000000, 0x0000000705200000|  0%| F|  |TAMS 0x0000000705000000, 0x0000000705000000| Untracked 
|  21|0x0000000705200000, 0x0000000705200000, 0x0000000705400000|  0%| F|  |TAMS 0x0000000705200000, 0x0000000705200000| Untracked 
|  22|0x0000000705400000, 0x0000000705400000, 0x0000000705600000|  0%| F|  |TAMS 0x0000000705400000, 0x0000000705400000| Untracked 
|  23|0x0000000705600000, 0x0000000705600000, 0x0000000705800000|  0%| F|  |TAMS 0x0000000705600000, 0x0000000705600000| Untracked 
|  24|0x0000000705800000, 0x0000000705800000, 0x0000000705a00000|  0%| F|  |TAMS 0x0000000705800000, 0x0000000705800000| Untracked 
|  25|0x0000000705a00000, 0x0000000705a00000, 0x0000000705c00000|  0%| F|  |TAMS 0x0000000705a00000, 0x0000000705a00000| Untracked 
|  26|0x0000000705c00000, 0x0000000705c00000, 0x0000000705e00000|  0%| F|  |TAMS 0x0000000705c00000, 0x0000000705c00000| Untracked 
|  27|0x0000000705e00000, 0x0000000705e00000, 0x0000000706000000|  0%| F|  |TAMS 0x0000000705e00000, 0x0000000705e00000| Untracked 
|  28|0x0000000706000000, 0x0000000706000000, 0x0000000706200000|  0%| F|  |TAMS 0x0000000706000000, 0x0000000706000000| Untracked 
|  29|0x0000000706200000, 0x0000000706200000, 0x0000000706400000|  0%| F|  |TAMS 0x0000000706200000, 0x0000000706200000| Untracked 
|  30|0x0000000706400000, 0x0000000706400000, 0x0000000706600000|  0%| F|  |TAMS 0x0000000706400000, 0x0000000706400000| Untracked 
|  31|0x0000000706600000, 0x0000000706600000, 0x0000000706800000|  0%| F|  |TAMS 0x0000000706600000, 0x0000000706600000| Untracked 
|  32|0x0000000706800000, 0x0000000706800000, 0x0000000706a00000|  0%| F|  |TAMS 0x0000000706800000, 0x0000000706800000| Untracked 
|  33|0x0000000706a00000, 0x0000000706a00000, 0x0000000706c00000|  0%| F|  |TAMS 0x0000000706a00000, 0x0000000706a00000| Untracked 
|  34|0x0000000706c00000, 0x0000000706c00000, 0x0000000706e00000|  0%| F|  |TAMS 0x0000000706c00000, 0x0000000706c00000| Untracked 
|  35|0x0000000706e00000, 0x0000000706e00000, 0x0000000707000000|  0%| F|  |TAMS 0x0000000706e00000, 0x0000000706e00000| Untracked 
|  36|0x0000000707000000, 0x0000000707000000, 0x0000000707200000|  0%| F|  |TAMS 0x0000000707000000, 0x0000000707000000| Untracked 
|  37|0x0000000707200000, 0x0000000707200000, 0x0000000707400000|  0%| F|  |TAMS 0x0000000707200000, 0x0000000707200000| Untracked 
|  38|0x0000000707400000, 0x0000000707400000, 0x0000000707600000|  0%| F|  |TAMS 0x0000000707400000, 0x0000000707400000| Untracked 
|  39|0x0000000707600000, 0x0000000707600000, 0x0000000707800000|  0%| F|  |TAMS 0x0000000707600000, 0x0000000707600000| Untracked 
|  40|0x0000000707800000, 0x0000000707800000, 0x0000000707a00000|  0%| F|  |TAMS 0x0000000707800000, 0x0000000707800000| Untracked 
|  41|0x0000000707a00000, 0x0000000707a00000, 0x0000000707c00000|  0%| F|  |TAMS 0x0000000707a00000, 0x0000000707a00000| Untracked 
|  42|0x0000000707c00000, 0x0000000707c00000, 0x0000000707e00000|  0%| F|  |TAMS 0x0000000707c00000, 0x0000000707c00000| Untracked 
|  43|0x0000000707e00000, 0x0000000707e00000, 0x0000000708000000|  0%| F|  |TAMS 0x0000000707e00000, 0x0000000707e00000| Untracked 
|  44|0x0000000708000000, 0x0000000708000000, 0x0000000708200000|  0%| F|  |TAMS 0x0000000708000000, 0x0000000708000000| Untracked 
|  45|0x0000000708200000, 0x0000000708200000, 0x0000000708400000|  0%| F|  |TAMS 0x0000000708200000, 0x0000000708200000| Untracked 
|  46|0x0000000708400000, 0x0000000708400000, 0x0000000708600000|  0%| F|  |TAMS 0x0000000708400000, 0x0000000708400000| Untracked 
|  47|0x0000000708600000, 0x0000000708600000, 0x0000000708800000|  0%| F|  |TAMS 0x0000000708600000, 0x0000000708600000| Untracked 
|  48|0x0000000708800000, 0x0000000708800000, 0x0000000708a00000|  0%| F|  |TAMS 0x0000000708800000, 0x0000000708800000| Untracked 
|  49|0x0000000708a00000, 0x0000000708a00000, 0x0000000708c00000|  0%| F|  |TAMS 0x0000000708a00000, 0x0000000708a00000| Untracked 
|  50|0x0000000708c00000, 0x0000000708c00000, 0x0000000708e00000|  0%| F|  |TAMS 0x0000000708c00000, 0x0000000708c00000| Untracked 
|  51|0x0000000708e00000, 0x0000000708e00000, 0x0000000709000000|  0%| F|  |TAMS 0x0000000708e00000, 0x0000000708e00000| Untracked 
|  52|0x0000000709000000, 0x0000000709000000, 0x0000000709200000|  0%| F|  |TAMS 0x0000000709000000, 0x0000000709000000| Untracked 
|  53|0x0000000709200000, 0x0000000709200000, 0x0000000709400000|  0%| F|  |TAMS 0x0000000709200000, 0x0000000709200000| Untracked 
|  54|0x0000000709400000, 0x0000000709400000, 0x0000000709600000|  0%| F|  |TAMS 0x0000000709400000, 0x0000000709400000| Untracked 
|  55|0x0000000709600000, 0x0000000709600000, 0x0000000709800000|  0%| F|  |TAMS 0x0000000709600000, 0x0000000709600000| Untracked 
|  56|0x0000000709800000, 0x0000000709800000, 0x0000000709a00000|  0%| F|  |TAMS 0x0000000709800000, 0x0000000709800000| Untracked 
|  57|0x0000000709a00000, 0x0000000709a00000, 0x0000000709c00000|  0%| F|  |TAMS 0x0000000709a00000, 0x0000000709a00000| Untracked 
|  58|0x0000000709c00000, 0x0000000709c00000, 0x0000000709e00000|  0%| F|  |TAMS 0x0000000709c00000, 0x0000000709c00000| Untracked 
|  59|0x0000000709e00000, 0x0000000709e00000, 0x000000070a000000|  0%| F|  |TAMS 0x0000000709e00000, 0x0000000709e00000| Untracked 
|  60|0x000000070a000000, 0x000000070a000000, 0x000000070a200000|  0%| F|  |TAMS 0x000000070a000000, 0x000000070a000000| Untracked 
|  61|0x000000070a200000, 0x000000070a200000, 0x000000070a400000|  0%| F|  |TAMS 0x000000070a200000, 0x000000070a200000| Untracked 
|  62|0x000000070a400000, 0x000000070a400000, 0x000000070a600000|  0%| F|  |TAMS 0x000000070a400000, 0x000000070a400000| Untracked 
|  63|0x000000070a600000, 0x000000070a600000, 0x000000070a800000|  0%| F|  |TAMS 0x000000070a600000, 0x000000070a600000| Untracked 
|  64|0x000000070a800000, 0x000000070a800000, 0x000000070aa00000|  0%| F|  |TAMS 0x000000070a800000, 0x000000070a800000| Untracked 
|  65|0x000000070aa00000, 0x000000070aa00000, 0x000000070ac00000|  0%| F|  |TAMS 0x000000070aa00000, 0x000000070aa00000| Untracked 
|  66|0x000000070ac00000, 0x000000070ac00000, 0x000000070ae00000|  0%| F|  |TAMS 0x000000070ac00000, 0x000000070ac00000| Untracked 
|  67|0x000000070ae00000, 0x000000070ae00000, 0x000000070b000000|  0%| F|  |TAMS 0x000000070ae00000, 0x000000070ae00000| Untracked 
|  68|0x000000070b000000, 0x000000070b000000, 0x000000070b200000|  0%| F|  |TAMS 0x000000070b000000, 0x000000070b000000| Untracked 
|  69|0x000000070b200000, 0x000000070b200000, 0x000000070b400000|  0%| F|  |TAMS 0x000000070b200000, 0x000000070b200000| Untracked 
|  70|0x000000070b400000, 0x000000070b400000, 0x000000070b600000|  0%| F|  |TAMS 0x000000070b400000, 0x000000070b400000| Untracked 
|  71|0x000000070b600000, 0x000000070b600000, 0x000000070b800000|  0%| F|  |TAMS 0x000000070b600000, 0x000000070b600000| Untracked 
|  72|0x000000070b800000, 0x000000070b800000, 0x000000070ba00000|  0%| F|  |TAMS 0x000000070b800000, 0x000000070b800000| Untracked 
|  73|0x000000070ba00000, 0x000000070ba00000, 0x000000070bc00000|  0%| F|  |TAMS 0x000000070ba00000, 0x000000070ba00000| Untracked 
|  74|0x000000070bc00000, 0x000000070bc00000, 0x000000070be00000|  0%| F|  |TAMS 0x000000070bc00000, 0x000000070bc00000| Untracked 
|  75|0x000000070be00000, 0x000000070be00000, 0x000000070c000000|  0%| F|  |TAMS 0x000000070be00000, 0x000000070be00000| Untracked 
|  76|0x000000070c000000, 0x000000070c000000, 0x000000070c200000|  0%| F|  |TAMS 0x000000070c000000, 0x000000070c000000| Untracked 
|  77|0x000000070c200000, 0x000000070c200000, 0x000000070c400000|  0%| F|  |TAMS 0x000000070c200000, 0x000000070c200000| Untracked 
|  78|0x000000070c400000, 0x000000070c400000, 0x000000070c600000|  0%| F|  |TAMS 0x000000070c400000, 0x000000070c400000| Untracked 
|  79|0x000000070c600000, 0x000000070c600000, 0x000000070c800000|  0%| F|  |TAMS 0x000000070c600000, 0x000000070c600000| Untracked 
|  80|0x000000070c800000, 0x000000070c800000, 0x000000070ca00000|  0%| F|  |TAMS 0x000000070c800000, 0x000000070c800000| Untracked 
|  81|0x000000070ca00000, 0x000000070ca00000, 0x000000070cc00000|  0%| F|  |TAMS 0x000000070ca00000, 0x000000070ca00000| Untracked 
|  82|0x000000070cc00000, 0x000000070cc00000, 0x000000070ce00000|  0%| F|  |TAMS 0x000000070cc00000, 0x000000070cc00000| Untracked 
|  83|0x000000070ce00000, 0x000000070ce00000, 0x000000070d000000|  0%| F|  |TAMS 0x000000070ce00000, 0x000000070ce00000| Untracked 
|  84|0x000000070d000000, 0x000000070d000000, 0x000000070d200000|  0%| F|  |TAMS 0x000000070d000000, 0x000000070d000000| Untracked 
|  85|0x000000070d200000, 0x000000070d200000, 0x000000070d400000|  0%| F|  |TAMS 0x000000070d200000, 0x000000070d200000| Untracked 
|  86|0x000000070d400000, 0x000000070d400000, 0x000000070d600000|  0%| F|  |TAMS 0x000000070d400000, 0x000000070d400000| Untracked 
|  87|0x000000070d600000, 0x000000070d600000, 0x000000070d800000|  0%| F|  |TAMS 0x000000070d600000, 0x000000070d600000| Untracked 
|  88|0x000000070d800000, 0x000000070d800000, 0x000000070da00000|  0%| F|  |TAMS 0x000000070d800000, 0x000000070d800000| Untracked 
|  89|0x000000070da00000, 0x000000070da00000, 0x000000070dc00000|  0%| F|  |TAMS 0x000000070da00000, 0x000000070da00000| Untracked 
|  90|0x000000070dc00000, 0x000000070dc00000, 0x000000070de00000|  0%| F|  |TAMS 0x000000070dc00000, 0x000000070dc00000| Untracked 
|  91|0x000000070de00000, 0x000000070de00000, 0x000000070e000000|  0%| F|  |TAMS 0x000000070de00000, 0x000000070de00000| Untracked 
|  92|0x000000070e000000, 0x000000070e000000, 0x000000070e200000|  0%| F|  |TAMS 0x000000070e000000, 0x000000070e000000| Untracked 
|  93|0x000000070e200000, 0x000000070e200000, 0x000000070e400000|  0%| F|  |TAMS 0x000000070e200000, 0x000000070e200000| Untracked 
|  94|0x000000070e400000, 0x000000070e400000, 0x000000070e600000|  0%| F|  |TAMS 0x000000070e400000, 0x000000070e400000| Untracked 
|  95|0x000000070e600000, 0x000000070e600000, 0x000000070e800000|  0%| F|  |TAMS 0x000000070e600000, 0x000000070e600000| Untracked 
|  96|0x000000070e800000, 0x000000070e800000, 0x000000070ea00000|  0%| F|  |TAMS 0x000000070e800000, 0x000000070e800000| Untracked 
|  97|0x000000070ea00000, 0x000000070ea00000, 0x000000070ec00000|  0%| F|  |TAMS 0x000000070ea00000, 0x000000070ea00000| Untracked 
|  98|0x000000070ec00000, 0x000000070ec00000, 0x000000070ee00000|  0%| F|  |TAMS 0x000000070ec00000, 0x000000070ec00000| Untracked 
|  99|0x000000070ee00000, 0x000000070ee00000, 0x000000070f000000|  0%| F|  |TAMS 0x000000070ee00000, 0x000000070ee00000| Untracked 
| 100|0x000000070f000000, 0x000000070f000000, 0x000000070f200000|  0%| F|  |TAMS 0x000000070f000000, 0x000000070f000000| Untracked 
| 101|0x000000070f200000, 0x000000070f200000, 0x000000070f400000|  0%| F|  |TAMS 0x000000070f200000, 0x000000070f200000| Untracked 
| 102|0x000000070f400000, 0x000000070f400000, 0x000000070f600000|  0%| F|  |TAMS 0x000000070f400000, 0x000000070f400000| Untracked 
| 103|0x000000070f600000, 0x000000070f600000, 0x000000070f800000|  0%| F|  |TAMS 0x000000070f600000, 0x000000070f600000| Untracked 
| 104|0x000000070f800000, 0x000000070f800000, 0x000000070fa00000|  0%| F|  |TAMS 0x000000070f800000, 0x000000070f800000| Untracked 
| 105|0x000000070fa00000, 0x000000070fa00000, 0x000000070fc00000|  0%| F|  |TAMS 0x000000070fa00000, 0x000000070fa00000| Untracked 
| 106|0x000000070fc00000, 0x000000070fc00000, 0x000000070fe00000|  0%| F|  |TAMS 0x000000070fc00000, 0x000000070fc00000| Untracked 
| 107|0x000000070fe00000, 0x000000070fe00000, 0x0000000710000000|  0%| F|  |TAMS 0x000000070fe00000, 0x000000070fe00000| Untracked 
| 108|0x0000000710000000, 0x0000000710000000, 0x0000000710200000|  0%| F|  |TAMS 0x0000000710000000, 0x0000000710000000| Untracked 
| 109|0x0000000710200000, 0x0000000710200000, 0x0000000710400000|  0%| F|  |TAMS 0x0000000710200000, 0x0000000710200000| Untracked 
| 110|0x0000000710400000, 0x0000000710400000, 0x0000000710600000|  0%| F|  |TAMS 0x0000000710400000, 0x0000000710400000| Untracked 
| 111|0x0000000710600000, 0x0000000710600000, 0x0000000710800000|  0%| F|  |TAMS 0x0000000710600000, 0x0000000710600000| Untracked 
| 112|0x0000000710800000, 0x0000000710800000, 0x0000000710a00000|  0%| F|  |TAMS 0x0000000710800000, 0x0000000710800000| Untracked 
| 113|0x0000000710a00000, 0x0000000710a00000, 0x0000000710c00000|  0%| F|  |TAMS 0x0000000710a00000, 0x0000000710a00000| Untracked 
| 114|0x0000000710c00000, 0x0000000710c00000, 0x0000000710e00000|  0%| F|  |TAMS 0x0000000710c00000, 0x0000000710c00000| Untracked 
| 115|0x0000000710e00000, 0x0000000710e00000, 0x0000000711000000|  0%| F|  |TAMS 0x0000000710e00000, 0x0000000710e00000| Untracked 
| 116|0x0000000711000000, 0x0000000711000000, 0x0000000711200000|  0%| F|  |TAMS 0x0000000711000000, 0x0000000711000000| Untracked 
| 117|0x0000000711200000, 0x0000000711200000, 0x0000000711400000|  0%| F|  |TAMS 0x0000000711200000, 0x0000000711200000| Untracked 
| 118|0x0000000711400000, 0x0000000711400000, 0x0000000711600000|  0%| F|  |TAMS 0x0000000711400000, 0x0000000711400000| Untracked 
| 119|0x0000000711600000, 0x0000000711600000, 0x0000000711800000|  0%| F|  |TAMS 0x0000000711600000, 0x0000000711600000| Untracked 
| 120|0x0000000711800000, 0x0000000711800000, 0x0000000711a00000|  0%| F|  |TAMS 0x0000000711800000, 0x0000000711800000| Untracked 
| 121|0x0000000711a00000, 0x0000000711a00000, 0x0000000711c00000|  0%| F|  |TAMS 0x0000000711a00000, 0x0000000711a00000| Untracked 
| 122|0x0000000711c00000, 0x0000000711c00000, 0x0000000711e00000|  0%| F|  |TAMS 0x0000000711c00000, 0x0000000711c00000| Untracked 
| 123|0x0000000711e00000, 0x0000000711fb9cc0, 0x0000000712000000| 86%| S|CS|TAMS 0x0000000711e00000, 0x0000000711e00000| Complete 
| 124|0x0000000712000000, 0x0000000712000000, 0x0000000712200000|  0%| F|  |TAMS 0x0000000712000000, 0x0000000712000000| Untracked 
| 125|0x0000000712200000, 0x0000000712200000, 0x0000000712400000|  0%| F|  |TAMS 0x0000000712200000, 0x0000000712200000| Untracked 
| 126|0x0000000712400000, 0x0000000712400000, 0x0000000712600000|  0%| F|  |TAMS 0x0000000712400000, 0x0000000712400000| Untracked 

Card table byte_map: [0x000001b31c400000,0x000001b31cbf0000] _byte_map_base: 0x000001b318bec000

Marking Bits (Prev, Next): (CMBitMap*) 0x000001b306dc5830, (CMBitMap*) 0x000001b306dc5870
 Prev Bits: [0x000001b31d3e0000, 0x000001b321340000)
 Next Bits: [0x000001b321340000, 0x000001b3252a0000)

Polling page: 0x000001b306b50000

Metaspace:

Usage:
  Non-class:     10.99 MB capacity,    10.90 MB (>99%) used,    76.85 KB ( <1%) free+waste,    13.25 KB ( <1%) overhead. 
      Class:      1.25 MB capacity,     1.20 MB ( 96%) used,    46.84 KB (  4%) free+waste,     4.94 KB ( <1%) overhead. 
       Both:     12.23 MB capacity,    12.10 MB ( 99%) used,   123.69 KB ( <1%) free+waste,    18.19 KB ( <1%) overhead. 

Virtual space:
  Non-class space:       28.00 MB reserved,      11.00 MB ( 39%) committed 
      Class space:        1.00 GB reserved,       1.25 MB ( <1%) committed 
             Both:        1.03 GB reserved,      12.25 MB (  1%) committed 

Chunk freelists:
   Non-Class:  12.00 KB
       Class:  4.00 KB
        Both:  16.00 KB

MaxMetaspaceSize: 17179869184.00 GB
CompressedClassSpaceSize: 1.00 GB

CodeHeap 'non-profiled nmethods': size=120000Kb used=161Kb max_used=161Kb free=119838Kb
 bounds [0x000001b313a60000, 0x000001b313cd0000, 0x000001b31af90000]
CodeHeap 'profiled nmethods': size=120000Kb used=945Kb max_used=945Kb free=119054Kb
 bounds [0x000001b30c530000, 0x000001b30c7a0000, 0x000001b313a60000]
CodeHeap 'non-nmethods': size=5760Kb used=1221Kb max_used=1236Kb free=4538Kb
 bounds [0x000001b30bf90000, 0x000001b30c200000, 0x000001b30c530000]
 total_blobs=1120 nmethods=627 adapters=406
 compilation: enabled
              stopped_count=0, restarted_count=0
 full_count=0

Compilation events (20 events):
Event: 0.651 Thread 0x000001b32887c540  619       3       javax.swing.JComponent::getFlag (20 bytes)
Event: 0.651 Thread 0x000001b32887c540 nmethod 619 0x000001b30c614610 code [0x000001b30c6147a0, 0x000001b30c614918]
Event: 0.651 Thread 0x000001b32887c540  621       3       javax.swing.JComponent::setFlag (34 bytes)
Event: 0.651 Thread 0x000001b32887c540 nmethod 621 0x000001b30c614990 code [0x000001b30c614b20, 0x000001b30c614cb8]
Event: 0.651 Thread 0x000001b32887c540  620       3       javax.swing.UIDefaults$TextAndMnemonicHashMap::get (358 bytes)
Event: 0.651 Thread 0x000001b328876ee0 nmethod 608 0x000001b313a87c10 code [0x000001b313a87de0, 0x000001b313a881d0]
Event: 0.652 Thread 0x000001b328876ee0  623   !   4       sun.awt.AppContext::get (123 bytes)
Event: 0.654 Thread 0x000001b32887c540 nmethod 620 0x000001b30c614d90 code [0x000001b30c6155c0, 0x000001b30c6195c8]
Event: 0.654 Thread 0x000001b32887c540  622       3       javax.swing.ArrayTable::isArray (8 bytes)
Event: 0.654 Thread 0x000001b32887c540 nmethod 622 0x000001b30c61ad90 code [0x000001b30c61af20, 0x000001b30c61b138]
Event: 0.656 Thread 0x000001b32887c540  624       3       java.lang.Integer::valueOf (32 bytes)
Event: 0.656 Thread 0x000001b32887c540 nmethod 624 0x000001b30c61b210 code [0x000001b30c61b3c0, 0x000001b30c61b6d8]
Event: 0.656 Thread 0x000001b32887c540  625       3       java.util.HashSet::add (20 bytes)
Event: 0.656 Thread 0x000001b32887c540 nmethod 625 0x000001b30c61b810 code [0x000001b30c61b9c0, 0x000001b30c61bbe8]
Event: 0.656 Thread 0x000001b32887c540  626       3       java.lang.Integer::<init> (10 bytes)
Event: 0.656 Thread 0x000001b32887c540 nmethod 626 0x000001b30c61bc90 code [0x000001b30c61be40, 0x000001b30c61bff8]
Event: 0.656 Thread 0x000001b32887c540  627       3       java.lang.Integer::hashCode (8 bytes)
Event: 0.656 Thread 0x000001b32887c540 nmethod 627 0x000001b30c61c110 code [0x000001b30c61c2a0, 0x000001b30c61c3f8]
Event: 0.656 Thread 0x000001b32887c540  628       3       java.lang.Integer::hashCode (2 bytes)
Event: 0.656 Thread 0x000001b32887c540 nmethod 628 0x000001b30c61c490 code [0x000001b30c61c620, 0x000001b30c61c6f8]

GC Heap History (0 events):
No events

Deoptimization events (20 events):
Event: 0.610 Thread 0x000001b306d79230 Uncommon trap: trap_request=0xffffffde fr.pc=0x000001b313a83914 relative=0x00000000000002d4
Event: 0.610 Thread 0x000001b306d79230 Uncommon trap: reason=class_check action=maybe_recompile pc=0x000001b313a83914 method=java.util.HashMap.getNode(Ljava/lang/Object;)Ljava/util/HashMap$Node; @ 63 c2
Event: 0.610 Thread 0x000001b306d79230 DEOPT PACKING pc=0x000001b313a83914 sp=0x00000097037fee10
Event: 0.610 Thread 0x000001b306d79230 DEOPT UNPACKING pc=0x000001b30bfde42f sp=0x00000097037fed78 mode 2
Event: 0.610 Thread 0x000001b306d79230 Uncommon trap: trap_request=0xffffffde fr.pc=0x000001b313a83930 relative=0x00000000000002f0
Event: 0.610 Thread 0x000001b306d79230 Uncommon trap: reason=class_check action=maybe_recompile pc=0x000001b313a83930 method=java.util.HashMap.getNode(Ljava/lang/Object;)Ljava/util/HashMap$Node; @ 128 c2
Event: 0.610 Thread 0x000001b306d79230 DEOPT PACKING pc=0x000001b313a83930 sp=0x00000097037fee10
Event: 0.610 Thread 0x000001b306d79230 DEOPT UNPACKING pc=0x000001b30bfde42f sp=0x00000097037fed78 mode 2
Event: 0.610 Thread 0x000001b306d79230 Uncommon trap: trap_request=0xffffffde fr.pc=0x000001b313a83914 relative=0x00000000000002d4
Event: 0.610 Thread 0x000001b306d79230 Uncommon trap: reason=class_check action=maybe_recompile pc=0x000001b313a83914 method=java.util.HashMap.getNode(Ljava/lang/Object;)Ljava/util/HashMap$Node; @ 63 c2
Event: 0.610 Thread 0x000001b306d79230 DEOPT PACKING pc=0x000001b313a83914 sp=0x00000097037fee10
Event: 0.610 Thread 0x000001b306d79230 DEOPT UNPACKING pc=0x000001b30bfde42f sp=0x00000097037fed78 mode 2
Event: 0.631 Thread 0x000001b306d79230 Uncommon trap: trap_request=0xffffffe5 fr.pc=0x000001b313a74040 relative=0x00000000000001a0
Event: 0.631 Thread 0x000001b306d79230 Uncommon trap: reason=range_check action=reinterpret pc=0x000001b313a74040 method=java.lang.StringLatin1.indexOf([BII)I @ 13 c2
Event: 0.631 Thread 0x000001b306d79230 DEOPT PACKING pc=0x000001b313a74040 sp=0x00000097037fd1e0
Event: 0.631 Thread 0x000001b306d79230 DEOPT UNPACKING pc=0x000001b30bfde42f sp=0x00000097037fd160 mode 2
Event: 0.648 Thread 0x000001b306d79230 Uncommon trap: trap_request=0xffffffde fr.pc=0x000001b313a83914 relative=0x00000000000002d4
Event: 0.648 Thread 0x000001b306d79230 Uncommon trap: reason=class_check action=maybe_recompile pc=0x000001b313a83914 method=java.util.HashMap.getNode(Ljava/lang/Object;)Ljava/util/HashMap$Node; @ 63 c2
Event: 0.648 Thread 0x000001b306d79230 DEOPT PACKING pc=0x000001b313a83914 sp=0x00000097037fec20
Event: 0.648 Thread 0x000001b306d79230 DEOPT UNPACKING pc=0x000001b30bfde42f sp=0x00000097037feb88 mode 2

Classes unloaded (0 events):
No events

Classes redefined (0 events):
No events

Internal exceptions (11 events):
Event: 0.353 Thread 0x000001b306d79230 Exception <a 'java/lang/NoSuchMethodError'{0x00000007125386c0}: 'void java.lang.invoke.DirectMethodHandle$Holder.invokeSpecial(java.lang.Object, java.lang.Object, java.lang.Object)'> (0x00000007125386c0) 
thrown [./open/src/hotspot/share/interpreter/linkResolver.cpp, line 782]
Event: 0.379 Thread 0x000001b306d79230 Exception <a 'java/lang/ClassNotFoundException'{0x0000000712558e50}: sun/awt/resources/spi/awtProvider> (0x0000000712558e50) 
thrown [./open/src/hotspot/share/classfile/systemDictionary.cpp, line 295]
Event: 0.406 Thread 0x000001b306d79230 Exception <a 'java/io/FileNotFoundException'{0x00000007125b4f98}> (0x00000007125b4f98) 
thrown [./open/src/hotspot/share/prims/jni.cpp, line 578]
Event: 0.415 Thread 0x000001b306d79230 Exception <a 'java/io/FileNotFoundException'{0x00000007125e3ad0}> (0x00000007125e3ad0) 
thrown [./open/src/hotspot/share/prims/jni.cpp, line 578]
Event: 0.416 Thread 0x000001b306d79230 Exception <a 'java/lang/NoSuchMethodError'{0x00000007125e4e10}: 'java.lang.Object java.lang.invoke.DirectMethodHandle$Holder.invokeStatic(java.lang.Object)'> (0x00000007125e4e10) 
thrown [./open/src/hotspot/share/interpreter/linkResolver.cpp, line 782]
Event: 0.461 Thread 0x000001b306d79230 Exception <a 'java/lang/NoSuchMethodError'{0x000000071223fd68}: 'java.lang.Object java.lang.invoke.DirectMethodHandle$Holder.invokeStaticInit(java.lang.Object)'> (0x000000071223fd68) 
thrown [./open/src/hotspot/share/interpreter/linkResolver.cpp, line 782]
Event: 0.499 Thread 0x000001b306d79230 Exception <a 'java/lang/NoSuchMethodError'{0x0000000712303b20}: 'java.lang.Object java.lang.invoke.DirectMethodHandle$Holder.newInvokeSpecial(java.lang.Object, java.lang.Object, java.lang.Object, java.lang.Object, java.lang.Object)'> (0x0000000712303b20) 
thrown [./open/src/hotspot/share/interpreter/linkResolver.cpp, line 782]
Event: 0.500 Thread 0x000001b306d79230 Exception <a 'java/lang/NoSuchMethodError'{0x000000071230f5b0}: 'java.lang.Object java.lang.invoke.DirectMethodHandle$Holder.invokeStatic(java.lang.Object, int, java.lang.Object, java.lang.Object, java.lang.Object, java.lang.Object)'> (0x000000071230f5b0) 
thrown [./open/src/hotspot/share/interpreter/linkResolver.cpp, line 782]
Event: 0.504 Thread 0x000001b306d79230 Exception <a 'java/lang/NoSuchMethodError'{0x0000000712335858}: 'java.lang.Object java.lang.invoke.DirectMethodHandle$Holder.invokeStatic(java.lang.Object, int, java.lang.Object)'> (0x0000000712335858) 
thrown [./open/src/hotspot/share/interpreter/linkResolver.cpp, line 782]
Event: 0.532 Thread 0x000001b306d79230 Exception <a 'java/lang/ClassNotFoundException'{0x00000007123f0800}: com/sun/swing/internal/plaf/metal/resources/spi/metalProvider> (0x00000007123f0800) 
thrown [./open/src/hotspot/share/classfile/systemDictionary.cpp, line 295]
Event: 0.533 Thread 0x000001b306d79230 Exception <a 'java/lang/ClassNotFoundException'{0x00000007123f43e8}: com/sun/swing/internal/plaf/basic/resources/spi/basicProvider> (0x00000007123f43e8) 
thrown [./open/src/hotspot/share/classfile/systemDictionary.cpp, line 295]

Events (20 events):
Event: 0.654 loading class sun/awt/windows/WWindowPeer
Event: 0.655 loading class sun/awt/windows/WPanelPeer
Event: 0.655 loading class java/awt/peer/PanelPeer
Event: 0.655 loading class java/awt/peer/PanelPeer done
Event: 0.655 loading class sun/awt/windows/WCanvasPeer
Event: 0.655 loading class java/awt/peer/CanvasPeer
Event: 0.655 loading class java/awt/peer/CanvasPeer done
Event: 0.655 loading class sun/awt/windows/WCanvasPeer done
Event: 0.655 loading class sun/awt/windows/WPanelPeer done
Event: 0.655 loading class sun/awt/windows/WWindowPeer done
Event: 0.655 loading class sun/awt/windows/WFramePeer done
Event: 0.655 loading class sun/awt/windows/WWindowPeer$ActiveWindowListener
Event: 0.655 loading class sun/awt/windows/WWindowPeer$ActiveWindowListener done
Event: 0.655 loading class sun/awt/windows/WWindowPeer$GuiDisposedListener
Event: 0.655 loading class sun/awt/windows/WWindowPeer$GuiDisposedListener done
Event: 0.655 loading class sun/awt/RepaintArea
Event: 0.655 loading class sun/awt/RepaintArea done
Event: 0.656 loading class sun/awt/ExtendedKeyCodes
Event: 0.656 loading class sun/awt/ExtendedKeyCodes done
Event: 0.657 loading class java/lang/CharacterData00


Dynamic libraries:
0x00007ff6f2440000 - 0x00007ff6f244d000 	C:\Users\Lucija\.p2\pool\plugins\org.eclipse.justj.openjdk.hotspot.jre.full.win32.x86_64_15.0.2.v20210201-0955\jre\bin\javaw.exe
0x00007ffa91630000 - 0x00007ffa91825000 	C:\WINDOWS\SYSTEM32\ntdll.dll
0x00007ffa8f870000 - 0x00007ffa8f92d000 	C:\WINDOWS\System32\KERNEL32.DLL
0x00007ffa8f390000 - 0x00007ffa8f659000 	C:\WINDOWS\System32\KERNELBASE.dll
0x00007ffa8f170000 - 0x00007ffa8f270000 	C:\WINDOWS\System32\ucrtbase.dll
0x00007ffa7dc80000 - 0x00007ffa7dc98000 	C:\Users\Lucija\.p2\pool\plugins\org.eclipse.justj.openjdk.hotspot.jre.full.win32.x86_64_15.0.2.v20210201-0955\jre\bin\jli.dll
0x00007ffa7dca0000 - 0x00007ffa7dcb9000 	C:\Users\Lucija\.p2\pool\plugins\org.eclipse.justj.openjdk.hotspot.jre.full.win32.x86_64_15.0.2.v20210201-0955\jre\bin\VCRUNTIME140.dll
0x00007ffa90a90000 - 0x00007ffa90c30000 	C:\WINDOWS\System32\USER32.dll
0x00007ffa8f660000 - 0x00007ffa8f682000 	C:\WINDOWS\System32\win32u.dll
0x00007ffa75490000 - 0x00007ffa7572a000 	C:\WINDOWS\WinSxS\amd64_microsoft.windows.common-controls_6595b64144ccf1df_6.0.19041.844_none_ca00b6081b84eb1d\COMCTL32.dll
0x00007ffa8fb50000 - 0x00007ffa8fb7a000 	C:\WINDOWS\System32\GDI32.dll
0x00007ffa8ef80000 - 0x00007ffa8f08b000 	C:\WINDOWS\System32\gdi32full.dll
0x00007ffa8fb80000 - 0x00007ffa8fc1e000 	C:\WINDOWS\System32\msvcrt.dll
0x00007ffa8f2f0000 - 0x00007ffa8f38d000 	C:\WINDOWS\System32\msvcp_win.dll
0x00007ffa8f840000 - 0x00007ffa8f870000 	C:\WINDOWS\System32\IMM32.DLL
0x00007ffa85750000 - 0x00007ffa8575c000 	C:\Users\Lucija\.p2\pool\plugins\org.eclipse.justj.openjdk.hotspot.jre.full.win32.x86_64_15.0.2.v20210201-0955\jre\bin\vcruntime140_1.dll
0x00007ffa732b0000 - 0x00007ffa73341000 	C:\Users\Lucija\.p2\pool\plugins\org.eclipse.justj.openjdk.hotspot.jre.full.win32.x86_64_15.0.2.v20210201-0955\jre\bin\msvcp140.dll
0x00007ffa305e0000 - 0x00007ffa3113e000 	C:\Users\Lucija\.p2\pool\plugins\org.eclipse.justj.openjdk.hotspot.jre.full.win32.x86_64_15.0.2.v20210201-0955\jre\bin\server\jvm.dll
0x00007ffa8fcd0000 - 0x00007ffa8fd7c000 	C:\WINDOWS\System32\ADVAPI32.dll
0x00007ffa8fde0000 - 0x00007ffa8fe7c000 	C:\WINDOWS\System32\sechost.dll
0x00007ffa90d70000 - 0x00007ffa90e9b000 	C:\WINDOWS\System32\RPCRT4.dll
0x00007ffa8fa50000 - 0x00007ffa8fa58000 	C:\WINDOWS\System32\PSAPI.DLL
0x00007ffa88e20000 - 0x00007ffa88e29000 	C:\WINDOWS\SYSTEM32\WSOCK32.dll
0x00007ffa870d0000 - 0x00007ffa870da000 	C:\WINDOWS\SYSTEM32\VERSION.dll
0x00007ffa763b0000 - 0x00007ffa763d7000 	C:\WINDOWS\SYSTEM32\WINMM.dll
0x00007ffa90470000 - 0x00007ffa904db000 	C:\WINDOWS\System32\WS2_32.dll
0x00007ffa8d680000 - 0x00007ffa8d692000 	C:\WINDOWS\SYSTEM32\kernel.appcore.dll
0x00007ffa88df0000 - 0x00007ffa88dfa000 	C:\Users\Lucija\.p2\pool\plugins\org.eclipse.justj.openjdk.hotspot.jre.full.win32.x86_64_15.0.2.v20210201-0955\jre\bin\jimage.dll
0x00007ffa85c90000 - 0x00007ffa85e74000 	C:\WINDOWS\SYSTEM32\DBGHELP.DLL
0x00007ffa85b60000 - 0x00007ffa85b8c000 	C:\WINDOWS\SYSTEM32\dbgcore.DLL
0x00007ffa8f0f0000 - 0x00007ffa8f170000 	C:\WINDOWS\System32\bcryptPrimitives.dll
0x00007ffa82ab0000 - 0x00007ffa82ad5000 	C:\Users\Lucija\.p2\pool\plugins\org.eclipse.justj.openjdk.hotspot.jre.full.win32.x86_64_15.0.2.v20210201-0955\jre\bin\java.dll
0x00007ffa82a90000 - 0x00007ffa82aa8000 	C:\Users\Lucija\.p2\pool\plugins\org.eclipse.justj.openjdk.hotspot.jre.full.win32.x86_64_15.0.2.v20210201-0955\jre\bin\zip.dll
0x00007ffa90ea0000 - 0x00007ffa915e2000 	C:\WINDOWS\System32\SHELL32.dll
0x00007ffa8cb50000 - 0x00007ffa8d2e0000 	C:\WINDOWS\SYSTEM32\windows.storage.dll
0x00007ffa8fe80000 - 0x00007ffa901d5000 	C:\WINDOWS\System32\combase.dll
0x00007ffa8e7e0000 - 0x00007ffa8e80c000 	C:\WINDOWS\SYSTEM32\Wldp.dll
0x00007ffa8fc20000 - 0x00007ffa8fcce000 	C:\WINDOWS\System32\SHCORE.dll
0x00007ffa90950000 - 0x00007ffa909a5000 	C:\WINDOWS\System32\shlwapi.dll
0x00007ffa8ecb0000 - 0x00007ffa8eccf000 	C:\WINDOWS\SYSTEM32\profapi.dll
0x00007ffa5fed0000 - 0x00007ffa6004f000 	C:\Users\Lucija\.p2\pool\plugins\org.eclipse.justj.openjdk.hotspot.jre.full.win32.x86_64_15.0.2.v20210201-0955\jre\bin\awt.dll
0x00007ffa8fa60000 - 0x00007ffa8fb2d000 	C:\WINDOWS\System32\OLEAUT32.dll
0x00007ffa8c2e0000 - 0x00007ffa8c370000 	C:\WINDOWS\SYSTEM32\apphelp.dll
0x00007ffa8c410000 - 0x00007ffa8c4ae000 	C:\WINDOWS\system32\uxtheme.dll
0x00007ffa8f930000 - 0x00007ffa8fa45000 	C:\WINDOWS\System32\MSCTF.dll
0x00007ffa8f690000 - 0x00007ffa8f7ba000 	C:\WINDOWS\System32\ole32.dll
0x00007ffa8c790000 - 0x00007ffa8c7bf000 	C:\WINDOWS\system32\DWMAPI.DLL
0x00007ffa53ce0000 - 0x00007ffa53e06000 	C:\WINDOWS\system32\opengl32.dll
0x00007ffa54b60000 - 0x00007ffa54b8c000 	C:\WINDOWS\SYSTEM32\GLU32.dll
0x00007ffa8e960000 - 0x00007ffa8e972000 	C:\WINDOWS\SYSTEM32\msasn1.dll
0x00007ffa87070000 - 0x00007ffa870a1000 	C:\WINDOWS\SYSTEM32\cryptnet.dll
0x00007ffa8ed70000 - 0x00007ffa8eecf000 	C:\WINDOWS\System32\CRYPT32.dll
0x00007ffa8f090000 - 0x00007ffa8f0f0000 	C:\WINDOWS\System32\WINTRUST.DLL
0x00007ffa85180000 - 0x00007ffa851bb000 	C:\WINDOWS\SYSTEM32\dxcore.dll
0x00007ffa8f2a0000 - 0x00007ffa8f2ee000 	C:\WINDOWS\System32\cfgmgr32.dll
0x00007ffa73220000 - 0x00007ffa732a5000 	C:\Users\Lucija\.p2\pool\plugins\org.eclipse.justj.openjdk.hotspot.jre.full.win32.x86_64_15.0.2.v20210201-0955\jre\bin\freetype.dll
0x00007ffa72530000 - 0x00007ffa725d9000 	C:\Users\Lucija\.p2\pool\plugins\org.eclipse.justj.openjdk.hotspot.jre.full.win32.x86_64_15.0.2.v20210201-0955\jre\bin\fontmanager.dll
0x00007ffa82a70000 - 0x00007ffa82a89000 	C:\Users\Lucija\.p2\pool\plugins\org.eclipse.justj.openjdk.hotspot.jre.full.win32.x86_64_15.0.2.v20210201-0955\jre\bin\net.dll
0x00007ffa859b0000 - 0x00007ffa85abc000 	C:\WINDOWS\SYSTEM32\WINHTTP.dll
0x00007ffa8e560000 - 0x00007ffa8e5ca000 	C:\WINDOWS\system32\mswsock.dll
0x00007ffa82a50000 - 0x00007ffa82a62000 	C:\Users\Lucija\.p2\pool\plugins\org.eclipse.justj.openjdk.hotspot.jre.full.win32.x86_64_15.0.2.v20210201-0955\jre\bin\nio.dll

dbghelp: loaded successfully - version: 4.0.5 - missing functions: none
symbol engine: initialized successfully - sym options: 0x614 - pdb path: .;C:\Users\Lucija\.p2\pool\plugins\org.eclipse.justj.openjdk.hotspot.jre.full.win32.x86_64_15.0.2.v20210201-0955\jre\bin;C:\WINDOWS\SYSTEM32;C:\WINDOWS\WinSxS\amd64_microsoft.windows.common-controls_6595b64144ccf1df_6.0.19041.844_none_ca00b6081b84eb1d;C:\Users\Lucija\.p2\pool\plugins\org.eclipse.justj.openjdk.hotspot.jre.full.win32.x86_64_15.0.2.v20210201-0955\jre\bin\server

VM Arguments:
jvm_args: -Dfile.encoding=Cp1250 -XX:+ShowCodeDetailsInExceptionMessages 
java_command: ChangeBoxBorder
java_class_path (initial): C:\Users\Lucija\eclipse-workspace\Sudoku\bin
Launcher Type: SUN_STANDARD

[Global flags]
     intx CICompilerCount                          = 4                                         {product} {ergonomic}
     uint ConcGCThreads                            = 3                                         {product} {ergonomic}
     uint G1ConcRefinementThreads                  = 10                                        {product} {ergonomic}
   size_t G1HeapRegionSize                         = 2097152                                   {product} {ergonomic}
    uintx GCDrainStackTargetSize                   = 64                                        {product} {ergonomic}
   size_t InitialHeapSize                          = 266338304                                 {product} {ergonomic}
   size_t MarkStackSize                            = 4194304                                   {product} {ergonomic}
   size_t MaxHeapSize                              = 4253024256                                {product} {ergonomic}
   size_t MaxNewSize                               = 2550136832                                {product} {ergonomic}
   size_t MinHeapDeltaBytes                        = 2097152                                   {product} {ergonomic}
   size_t MinHeapSize                              = 8388608                                   {product} {ergonomic}
    uintx NonNMethodCodeHeapSize                   = 5839372                                {pd product} {ergonomic}
    uintx NonProfiledCodeHeapSize                  = 122909434                              {pd product} {ergonomic}
    uintx ProfiledCodeHeapSize                     = 122909434                              {pd product} {ergonomic}
    uintx ReservedCodeCacheSize                    = 251658240                              {pd product} {ergonomic}
     bool SegmentedCodeCache                       = true                                      {product} {ergonomic}
     bool ShowCodeDetailsInExceptionMessages       = true                                   {manageable} {command line}
   size_t SoftMaxHeapSize                          = 4253024256                             {manageable} {ergonomic}
     bool UseCompressedClassPointers               = true                                 {lp64_product} {ergonomic}
     bool UseCompressedOops                        = true                                 {lp64_product} {ergonomic}
     bool UseG1GC                                  = true                                      {product} {ergonomic}
     bool UseLargePagesIndividualAllocation        = false                                  {pd product} {ergonomic}

Logging:
Log output configuration:
 #0: stdout all=warning uptime,level,tags
 #1: stderr all=off uptime,level,tags

Environment Variables:
JAVA_HOME=C:\Program Files\Java\jdk-15.0.2\bin
PATH=C:/Users/Lucija/.p2/pool/plugins/org.eclipse.justj.openjdk.hotspot.jre.full.win32.x86_64_15.0.2.v20210201-0955/jre/bin/server;C:/Users/Lucija/.p2/pool/plugins/org.eclipse.justj.openjdk.hotspot.jre.full.win32.x86_64_15.0.2.v20210201-0955/jre/bin;C:\Program Files\Common Files\Oracle\Java\javapath;C:\Program Files\ImageMagick-7.0.11-Q16-HDRI;C:\Program Files\NVIDIA GPU Computing Toolkit\CUDA\v11.2\bin;C:\Program Files\NVIDIA GPU Computing Toolkit\CUDA\v11.2\libnvvp;C:\WINDOWS\system32;C:\WINDOWS;C:\WINDOWS\System32\Wbem;C:\WINDOWS\System32\WindowsPowerShell\v1.0\;C:\WINDOWS\System32\OpenSSH\;C:\Program Files\Git\cmd;C:\Program Files\nodejs\;C:\Program Files\Microsoft SQL Server\130\Tools\Binn\;C:\Program Files\Microsoft SQL Server\Client SDK\ODBC\170\Tools\Binn\;C:\Program Files (x86)\Microsoft SQL Server\150\Tools\Binn\;C:\Program Files\Microsoft SQL Server\150\Tools\Binn\;C:\Program Files\Microsoft SQL Server\150\DTS\Binn\;C:\Program Files\Azure Data Studio\bin;C:\Program Files\dotnet\;C:\Program Files (x86)\Microsoft SQL Server\150\DTS\Binn\;C:\Program Files\NVIDIA Corporation\Nsight Compute 2020.3.1\;C:\Program Files (x86)\NVIDIA Corporation\PhysX\Common;C:\Program Files\NVIDIA Corporation\NVIDIA NvDLISR;C:\Program Files\PuTTY\;C:\Program Files\MiKTeX\miktex\bin\x64\;C:\Users\Lucija\AppData\Local\Microsoft\WindowsApps;C:\Users\Lucija\AppData\Local\Programs\Microsoft VS Code\bin;C:\Users\Lucija\AppData\Roaming\npm;C:\Program Files\Azure Data Studio\bin;C:\Users\Lucija\.dotnet\tools;C:\Program Files\Java\jdk-15.0.2\bin;C:\Users\Lucija\Downloads\hadoop-3.2.2\hadoop-3.2.2\bin;;C:\WINDOWS\system32;
USERNAME=Lucija
OS=Windows_NT
PROCESSOR_IDENTIFIER=Intel64 Family 6 Model 158 Stepping 10, GenuineIntel



---------------  S Y S T E M  ---------------

OS:
 Windows 10 , 64 bit Build 19041 (10.0.19041.804)
OS uptime: 10 days 18:20 hours

CPU: total 12 (initial active 12) (6 cores per cpu, 2 threads per core) family 6 model 158 stepping 10 microcode 0xde, cmov, cx8, fxsr, mmx, sse, sse2, sse3, ssse3, sse4.1, sse4.2, popcnt, vzeroupper, avx, avx2, aes, clmul, erms, 3dnowpref, lzcnt, ht, tsc, tscinvbit, bmi1, bmi2, adx, fma, clflush, clflushopt

Memory: 4k page, system-wide physical 16221M (2869M free)
TotalPageFile size 65373M (AvailPageFile size 0M)
current process WorkingSet (physical memory assigned to process): 57M, peak: 57M
current process commit charge ("private bytes"): 352M, peak: 356M

vm_info: OpenJDK 64-Bit Server VM (15.0.2+7-27) for windows-amd64 JRE (15.0.2+7-27), built on Dec  7 2020 20:02:38 by "mach5one" with unknown MS VC++:1925

END.
